app/build/outputs/logs/manifest-merger-debug-report.txt
-- Merging decision tree log ---
manifest
ADDED from src\main\AndroidManifest.xml:2:1-211:12
INJECTED from src\main\AndroidManifest.xml:2:1-211:12
INJECTED from src\main\AndroidManifest.xml:2:1-211:12
INJECTED from src\main\AndroidManifest.xml:2:1-211:12
MERGED from [com.android.support:design:25.4.0] AndroidManifest.xml:17:1-31:12
MERGED from [com.android.support:appcompat-v7:25.4.0] AndroidManifest.xml:17:1-31:12
MERGED from [com.android.support:transition:25.4.0] AndroidManifest.xml:17:1-28:12
MERGED from [com.google.android.gms:play-services-gcm:11.6.0] AndroidManifest.xml:16:1-24:12
MERGED from [com.google.android.gms:play-services-maps:11.6.0] AndroidManifest.xml:16:1-25:12
MERGED from [com.google.android.gms:play-services-location:11.6.0] AndroidManifest.xml:2:1-5:12
MERGED from [com.google.android.gms:play-services-iid:11.6.0] AndroidManifest.xml:16:1-24:12
MERGED from [com.google.android.gms:play-services-base:11.6.0] AndroidManifest.xml:16:1-21:12
MERGED from [com.google.firebase:firebase-core:11.6.0] AndroidManifest.xml:2:1-6:12
MERGED from [com.google.firebase:firebase-analytics:11.6.0] AndroidManifest.xml:16:1-35:12
MERGED from [com.google.firebase:firebase-analytics-impl:11.6.0] AndroidManifest.xml:16:1-29:12
MERGED from [com.google.firebase:firebase-iid:11.6.0] AndroidManifest.xml:16:1-47:12
MERGED from [com.google.firebase:firebase-common:11.6.0] AndroidManifest.xml:2:1-8:12
MERGED from [com.google.android.gms:play-services-tasks:11.6.0] AndroidManifest.xml:2:1-5:12
MERGED from [com.google.android.gms:play-services-basement:11.6.0] AndroidManifest.xml:16:1-23:12
MERGED from [com.android.support:support-v4:25.4.0] AndroidManifest.xml:17:1-31:12
MERGED from [com.android.support.constraint:constraint-layout:1.0.2] AndroidManifest.xml:2:1-11:12
MERGED from [com.android.support:animated-vector-drawable:25.4.0] AndroidManifest.xml:17:1-28:12
MERGED from [com.android.support:support-vector-drawable:25.4.0] AndroidManifest.xml:17:1-28:12
MERGED from [com.android.support:recyclerview-v7:25.4.0] AndroidManifest.xml:17:1-28:12
MERGED from [com.android.support:support-fragment:25.4.0] AndroidManifest.xml:17:1-31:12
MERGED from [com.android.support:support-core-ui:25.4.0] AndroidManifest.xml:17:1-31:12
MERGED from [com.android.support:support-media-compat:25.4.0] AndroidManifest.xml:17:1-31:12
MERGED from [com.android.support:support-core-utils:25.4.0] AndroidManifest.xml:17:1-31:12
MERGED from [com.android.support:support-compat:25.4.0] AndroidManifest.xml:17:1-31:12
MERGED from [com.google.android.gms:play-services-gcm-license:11.6.0] AndroidManifest.xml:2:1-6:12
MERGED from [com.google.android.gms:play-services-maps-license:11.6.0] AndroidManifest.xml:2:1-6:12
MERGED from [com.google.android.gms:play-services-location-license:11.6.0] AndroidManifest.xml:2:1-6:12
MERGED from [com.google.android.gms:play-services-base-license:11.6.0] AndroidManifest.xml:2:1-6:12
MERGED from [com.google.android.gms:play-services-basement-license:11.6.0] AndroidManifest.xml:2:1-6:12
MERGED from [com.google.android.gms:play-services-iid-license:11.6.0] AndroidManifest.xml:2:1-6:12
MERGED from [com.google.android.gms:play-services-tasks-license:11.6.0] AndroidManifest.xml:2:1-6:12
MERGED from [com.google.firebase:firebase-analytics-license:11.6.0] AndroidManifest.xml:2:1-6:12
MERGED from [com.google.firebase:firebase-common-license:11.6.0] AndroidManifest.xml:2:1-6:12
MERGED from [com.google.firebase:firebase-analytics-impl-license:11.6.0] AndroidManifest.xml:2:1-6:12
MERGED from [com.google.firebase:firebase-iid-license:11.6.0] AndroidManifest.xml:2:1-6:12
INJECTED from src\main\AndroidManifest.xml:2:1-211:12
INJECTED from src\main\AndroidManifest.xml:2:1-211:12
INJECTED from src\main\AndroidManifest.xml:2:1-211:12
	package
		ADDED from src\main\AndroidManifest.xml:4:5-52
		INJECTED from src\main\AndroidManifest.xml
		INJECTED from src\main\AndroidManifest.xml
	android:versionName
		INJECTED from src\main\AndroidManifest.xml
		ADDED from src\main\AndroidManifest.xml:2:1-211:12
		INJECTED from src\main\AndroidManifest.xml
	xmlns:tools
		ADDED from src\main\AndroidManifest.xml:3:5-51
	android:versionCode
		INJECTED from src\main\AndroidManifest.xml
		ADDED from src\main\AndroidManifest.xml:2:1-211:12
		INJECTED from src\main\AndroidManifest.xml
	xmlns:android
		ADDED from src\main\AndroidManifest.xml:2:11-69
	tools:ignore
		ADDED from src\main\AndroidManifest.xml:5:5-36
uses-permission#android.permission.ACCESS_FINE_LOCATION
ADDED from src\main\AndroidManifest.xml:7:5-79
	android:name
		ADDED from src\main\AndroidManifest.xml:7:22-76
uses-permission#android.permission.ACCESS_COARSE_LOCATION
ADDED from src\main\AndroidManifest.xml:8:5-81
	android:name
		ADDED from src\main\AndroidManifest.xml:8:22-78
uses-permission#android.permission.READ_PHONE_STATE
ADDED from src\main\AndroidManifest.xml:9:5-75
	android:name
		ADDED from src\main\AndroidManifest.xml:9:22-72
uses-permission#android.permission.ACCESS_WIFI_STATE
ADDED from src\main\AndroidManifest.xml:10:5-76
	android:name
		ADDED from src\main\AndroidManifest.xml:10:22-73
uses-permission#android.permission.CHANGE_WIFI_STATE
ADDED from src\main\AndroidManifest.xml:11:5-76
	android:name
		ADDED from src\main\AndroidManifest.xml:11:22-73
uses-permission#android.permission.ACCESS_NETWORK_STATE
ADDED from src\main\AndroidManifest.xml:12:5-79
MERGED from [com.google.android.gms:play-services-maps:11.6.0] AndroidManifest.xml:19:5-78
MERGED from [com.google.android.gms:play-services-maps:11.6.0] AndroidManifest.xml:19:5-78
MERGED from [com.google.firebase:firebase-analytics:11.6.0] AndroidManifest.xml:21:5-78
MERGED from [com.google.firebase:firebase-analytics:11.6.0] AndroidManifest.xml:21:5-78
MERGED from [com.google.firebase:firebase-analytics-impl:11.6.0] AndroidManifest.xml:21:5-78
MERGED from [com.google.firebase:firebase-analytics-impl:11.6.0] AndroidManifest.xml:21:5-78
MERGED from [com.google.firebase:firebase-iid:11.6.0] AndroidManifest.xml:19:5-78
MERGED from [com.google.firebase:firebase-iid:11.6.0] AndroidManifest.xml:19:5-78
	android:name
		ADDED from src\main\AndroidManifest.xml:12:22-76
uses-permission#android.permission.RECEIVE_SMS
ADDED from src\main\AndroidManifest.xml:13:5-70
	android:name
		ADDED from src\main\AndroidManifest.xml:13:22-67
uses-permission#android.permission.READ_SMS
ADDED from src\main\AndroidManifest.xml:14:5-67
	android:name
		ADDED from src\main\AndroidManifest.xml:14:22-64
uses-permission#android.permission.SEND_SMS
ADDED from src\main\AndroidManifest.xml:15:5-67
	android:name
		ADDED from src\main\AndroidManifest.xml:15:22-64
uses-permission#android.permission.INTERNET
ADDED from src\main\AndroidManifest.xml:16:5-67
MERGED from [com.google.android.gms:play-services-gcm:11.6.0] AndroidManifest.xml:21:5-66
MERGED from [com.google.android.gms:play-services-gcm:11.6.0] AndroidManifest.xml:21:5-66
MERGED from [com.google.android.gms:play-services-maps:11.6.0] AndroidManifest.xml:20:5-66
MERGED from [com.google.android.gms:play-services-maps:11.6.0] AndroidManifest.xml:20:5-66
MERGED from [com.google.android.gms:play-services-iid:11.6.0] AndroidManifest.xml:21:5-66
MERGED from [com.google.android.gms:play-services-iid:11.6.0] AndroidManifest.xml:21:5-66
MERGED from [com.google.firebase:firebase-analytics:11.6.0] AndroidManifest.xml:20:5-66
MERGED from [com.google.firebase:firebase-analytics:11.6.0] AndroidManifest.xml:20:5-66
MERGED from [com.google.firebase:firebase-analytics-impl:11.6.0] AndroidManifest.xml:20:5-66
MERGED from [com.google.firebase:firebase-analytics-impl:11.6.0] AndroidManifest.xml:20:5-66
MERGED from [com.google.firebase:firebase-iid:11.6.0] AndroidManifest.xml:20:5-66
MERGED from [com.google.firebase:firebase-iid:11.6.0] AndroidManifest.xml:20:5-66
	android:name
		ADDED from src\main\AndroidManifest.xml:16:22-64
uses-permission#android.permission.WRITE_EXTERNAL_STORAGE
ADDED from src\main\AndroidManifest.xml:17:5-81
	android:name
		ADDED from src\main\AndroidManifest.xml:17:22-78
uses-permission#android.permission.READ_CONTACTS
ADDED from src\main\AndroidManifest.xml:18:5-72
	android:name
		ADDED from src\main\AndroidManifest.xml:18:22-69
uses-permission#android.permission.WAKE_LOCK
ADDED from src\main\AndroidManifest.xml:19:5-68
MERGED from [com.google.firebase:firebase-analytics:11.6.0] AndroidManifest.xml:22:5-67
MERGED from [com.google.firebase:firebase-analytics:11.6.0] AndroidManifest.xml:22:5-67
MERGED from [com.google.firebase:firebase-analytics-impl:11.6.0] AndroidManifest.xml:22:5-67
MERGED from [com.google.firebase:firebase-analytics-impl:11.6.0] AndroidManifest.xml:22:5-67
MERGED from [com.google.firebase:firebase-iid:11.6.0] AndroidManifest.xml:21:5-67
MERGED from [com.google.firebase:firebase-iid:11.6.0] AndroidManifest.xml:21:5-67
	android:name
		ADDED from src\main\AndroidManifest.xml:19:22-65
uses-permission#android.permission.BLUETOOTH
ADDED from src\main\AndroidManifest.xml:20:5-68
	android:name
		ADDED from src\main\AndroidManifest.xml:20:22-65
uses-permission#android.permission.BLUETOOTH_ADMIN
ADDED from src\main\AndroidManifest.xml:21:5-74
	android:name
		ADDED from src\main\AndroidManifest.xml:21:22-71
uses-permission#android.permission.GET_ACCOUNTS
ADDED from src\main\AndroidManifest.xml:23:5-71
	android:name
		ADDED from src\main\AndroidManifest.xml:23:22-68
uses-permission#android.permission.READ_PROFILE
ADDED from src\main\AndroidManifest.xml:24:5-71
	android:name
		ADDED from src\main\AndroidManifest.xml:24:22-68
uses-permission#android.permission.READ_CALL_LOG
ADDED from src\main\AndroidManifest.xml:25:5-27:43
	tools:ignore
		ADDED from src\main\AndroidManifest.xml:27:9-40
	android:name
		ADDED from src\main\AndroidManifest.xml:26:9-56
uses-permission#android.permission.BIND_DEVICE_ADMIN
ADDED from src\main\AndroidManifest.xml:28:5-30:47
	tools:ignore
		ADDED from src\main\AndroidManifest.xml:30:9-44
	android:name
		ADDED from src\main\AndroidManifest.xml:29:9-60
uses-permission#android.permission.BROADCAST_SMS
ADDED from src\main\AndroidManifest.xml:31:5-33:47
	tools:ignore
		ADDED from src\main\AndroidManifest.xml:33:9-44
	android:name
		ADDED from src\main\AndroidManifest.xml:32:9-56
permission#com.oliver.bathurst.individualproject.permission.C2D_MESSAGE
ADDED from src\main\AndroidManifest.xml:35:5-37:47
MERGED from [com.google.firebase:firebase-iid:11.6.0] AndroidManifest.xml:25:5-109
	android:protectionLevel
		ADDED from src\main\AndroidManifest.xml:37:9-44
	android:name
		ADDED from src\main\AndroidManifest.xml:36:9-84
uses-permission#com.oliver.bathurst.individualproject.permission.C2D_MESSAGE
ADDED from src\main\AndroidManifest.xml:39:5-100
MERGED from [com.google.firebase:firebase-iid:11.6.0] AndroidManifest.xml:27:5-78
	android:name
		ADDED from src\main\AndroidManifest.xml:39:22-97
uses-feature#android.hardware.bluetooth_le
ADDED from src\main\AndroidManifest.xml:41:5-43:36
	android:required
		ADDED from src\main\AndroidManifest.xml:43:9-33
	android:name
		ADDED from src\main\AndroidManifest.xml:42:9-53
uses-feature#android.hardware.location
ADDED from src\main\AndroidManifest.xml:44:5-46:35
	android:required
		ADDED from src\main\AndroidManifest.xml:46:9-32
	android:name
		ADDED from src\main\AndroidManifest.xml:45:9-49
uses-feature#android.hardware.telephony
ADDED from src\main\AndroidManifest.xml:47:5-49:36
	android:required
		ADDED from src\main\AndroidManifest.xml:49:9-33
	android:name
		ADDED from src\main\AndroidManifest.xml:48:9-50
uses-feature#android.hardware.wifi
ADDED from src\main\AndroidManifest.xml:50:5-52:36
	android:required
		ADDED from src\main\AndroidManifest.xml:52:9-33
	android:name
		ADDED from src\main\AndroidManifest.xml:51:9-45
uses-feature#android.hardware.sensor.accelerometer
ADDED from src\main\AndroidManifest.xml:53:5-55:36
	android:required
		ADDED from src\main\AndroidManifest.xml:55:9-33
	android:name
		ADDED from src\main\AndroidManifest.xml:54:9-61
supports-screens
ADDED from src\main\AndroidManifest.xml:57:5-62:40
	android:largeScreens
		ADDED from src\main\AndroidManifest.xml:59:9-36
	android:smallScreens
		ADDED from src\main\AndroidManifest.xml:61:9-36
	android:normalScreens
		ADDED from src\main\AndroidManifest.xml:60:9-37
	android:xlargeScreens
		ADDED from src\main\AndroidManifest.xml:62:9-37
	android:anyDensity
		ADDED from src\main\AndroidManifest.xml:58:9-34
application
ADDED from src\main\AndroidManifest.xml:64:5-209:19
MERGED from [com.android.support:design:25.4.0] AndroidManifest.xml:25:5-29:19
MERGED from [com.android.support:design:25.4.0] AndroidManifest.xml:25:5-29:19
MERGED from [com.android.support:appcompat-v7:25.4.0] AndroidManifest.xml:25:5-29:19
MERGED from [com.android.support:appcompat-v7:25.4.0] AndroidManifest.xml:25:5-29:19
MERGED from [com.android.support:transition:25.4.0] AndroidManifest.xml:22:5-26:19
MERGED from [com.android.support:transition:25.4.0] AndroidManifest.xml:22:5-26:19
MERGED from [com.google.android.gms:play-services-gcm:11.6.0] AndroidManifest.xml:23:5-19
MERGED from [com.google.android.gms:play-services-gcm:11.6.0] AndroidManifest.xml:23:5-19
MERGED from [com.google.android.gms:play-services-maps:11.6.0] AndroidManifest.xml:24:5-19
MERGED from [com.google.android.gms:play-services-maps:11.6.0] AndroidManifest.xml:24:5-19
MERGED from [com.google.android.gms:play-services-location:11.6.0] AndroidManifest.xml:4:5-19
MERGED from [com.google.android.gms:play-services-location:11.6.0] AndroidManifest.xml:4:5-19
MERGED from [com.google.android.gms:play-services-iid:11.6.0] AndroidManifest.xml:23:5-19
MERGED from [com.google.android.gms:play-services-iid:11.6.0] AndroidManifest.xml:23:5-19
MERGED from [com.google.android.gms:play-services-base:11.6.0] AndroidManifest.xml:18:5-20:19
MERGED from [com.google.android.gms:play-services-base:11.6.0] AndroidManifest.xml:18:5-20:19
MERGED from [com.google.firebase:firebase-core:11.6.0] AndroidManifest.xml:5:5-20
MERGED from [com.google.firebase:firebase-core:11.6.0] AndroidManifest.xml:5:5-20
MERGED from [com.google.firebase:firebase-analytics:11.6.0] AndroidManifest.xml:24:5-34:19
MERGED from [com.google.firebase:firebase-analytics:11.6.0] AndroidManifest.xml:24:5-34:19
MERGED from [com.google.firebase:firebase-analytics-impl:11.6.0] AndroidManifest.xml:24:5-28:19
MERGED from [com.google.firebase:firebase-analytics-impl:11.6.0] AndroidManifest.xml:24:5-28:19
MERGED from [com.google.firebase:firebase-iid:11.6.0] AndroidManifest.xml:29:5-46:19
MERGED from [com.google.firebase:firebase-iid:11.6.0] AndroidManifest.xml:29:5-46:19
MERGED from [com.google.firebase:firebase-common:11.6.0] AndroidManifest.xml:4:5-7:19
MERGED from [com.google.firebase:firebase-common:11.6.0] AndroidManifest.xml:4:5-7:19
MERGED from [com.google.android.gms:play-services-tasks:11.6.0] AndroidManifest.xml:4:5-19
MERGED from [com.google.android.gms:play-services-tasks:11.6.0] AndroidManifest.xml:4:5-19
MERGED from [com.google.android.gms:play-services-basement:11.6.0] AndroidManifest.xml:19:5-21:19
MERGED from [com.google.android.gms:play-services-basement:11.6.0] AndroidManifest.xml:19:5-21:19
MERGED from [com.android.support:support-v4:25.4.0] AndroidManifest.xml:25:5-29:19
MERGED from [com.android.support:support-v4:25.4.0] AndroidManifest.xml:25:5-29:19
MERGED from [com.android.support.constraint:constraint-layout:1.0.2] AndroidManifest.xml:9:5-20
MERGED from [com.android.support.constraint:constraint-layout:1.0.2] AndroidManifest.xml:9:5-20
MERGED from [com.android.support:animated-vector-drawable:25.4.0] AndroidManifest.xml:22:5-26:19
MERGED from [com.android.support:animated-vector-drawable:25.4.0] AndroidManifest.xml:22:5-26:19
MERGED from [com.android.support:support-vector-drawable:25.4.0] AndroidManifest.xml:22:5-26:19
MERGED from [com.android.support:support-vector-drawable:25.4.0] AndroidManifest.xml:22:5-26:19
MERGED from [com.android.support:recyclerview-v7:25.4.0] AndroidManifest.xml:22:5-26:19
MERGED from [com.android.support:recyclerview-v7:25.4.0] AndroidManifest.xml:22:5-26:19
MERGED from [com.android.support:support-fragment:25.4.0] AndroidManifest.xml:25:5-29:19
MERGED from [com.android.support:support-fragment:25.4.0] AndroidManifest.xml:25:5-29:19
MERGED from [com.android.support:support-core-ui:25.4.0] AndroidManifest.xml:25:5-29:19
MERGED from [com.android.support:support-core-ui:25.4.0] AndroidManifest.xml:25:5-29:19
MERGED from [com.android.support:support-media-compat:25.4.0] AndroidManifest.xml:25:5-29:19
MERGED from [com.android.support:support-media-compat:25.4.0] AndroidManifest.xml:25:5-29:19
MERGED from [com.android.support:support-core-utils:25.4.0] AndroidManifest.xml:25:5-29:19
MERGED from [com.android.support:support-core-utils:25.4.0] AndroidManifest.xml:25:5-29:19
MERGED from [com.android.support:support-compat:25.4.0] AndroidManifest.xml:25:5-29:19
MERGED from [com.android.support:support-compat:25.4.0] AndroidManifest.xml:25:5-29:19
MERGED from [com.google.android.gms:play-services-gcm-license:11.6.0] AndroidManifest.xml:5:5-20
MERGED from [com.google.android.gms:play-services-gcm-license:11.6.0] AndroidManifest.xml:5:5-20
MERGED from [com.google.android.gms:play-services-maps-license:11.6.0] AndroidManifest.xml:5:5-20
MERGED from [com.google.android.gms:play-services-maps-license:11.6.0] AndroidManifest.xml:5:5-20
MERGED from [com.google.android.gms:play-services-location-license:11.6.0] AndroidManifest.xml:5:5-20
MERGED from [com.google.android.gms:play-services-location-license:11.6.0] AndroidManifest.xml:5:5-20
MERGED from [com.google.android.gms:play-services-base-license:11.6.0] AndroidManifest.xml:5:5-20
MERGED from [com.google.android.gms:play-services-base-license:11.6.0] AndroidManifest.xml:5:5-20
MERGED from [com.google.android.gms:play-services-basement-license:11.6.0] AndroidManifest.xml:5:5-20
MERGED from [com.google.android.gms:play-services-basement-license:11.6.0] AndroidManifest.xml:5:5-20
MERGED from [com.google.android.gms:play-services-iid-license:11.6.0] AndroidManifest.xml:5:5-20
MERGED from [com.google.android.gms:play-services-iid-license:11.6.0] AndroidManifest.xml:5:5-20
MERGED from [com.google.android.gms:play-services-tasks-license:11.6.0] AndroidManifest.xml:5:5-20
MERGED from [com.google.android.gms:play-services-tasks-license:11.6.0] AndroidManifest.xml:5:5-20
MERGED from [com.google.firebase:firebase-analytics-license:11.6.0] AndroidManifest.xml:5:5-20
MERGED from [com.google.firebase:firebase-analytics-license:11.6.0] AndroidManifest.xml:5:5-20
MERGED from [com.google.firebase:firebase-common-license:11.6.0] AndroidManifest.xml:5:5-20
MERGED from [com.google.firebase:firebase-common-license:11.6.0] AndroidManifest.xml:5:5-20
MERGED from [com.google.firebase:firebase-analytics-impl-license:11.6.0] AndroidManifest.xml:5:5-20
MERGED from [com.google.firebase:firebase-analytics-impl-license:11.6.0] AndroidManifest.xml:5:5-20
MERGED from [com.google.firebase:firebase-iid-license:11.6.0] AndroidManifest.xml:5:5-20
MERGED from [com.google.firebase:firebase-iid-license:11.6.0] AndroidManifest.xml:5:5-20
	android:supportsRtl
		ADDED from src\main\AndroidManifest.xml:70:9-35
	android:label
		ADDED from src\main\AndroidManifest.xml:68:9-41
	android:fullBackupContent
		ADDED from src\main\AndroidManifest.xml:66:9-59
	tools:ignore
		ADDED from src\main\AndroidManifest.xml:72:9-48
	android:roundIcon
		ADDED from src\main\AndroidManifest.xml:69:9-43
	android:icon
		ADDED from src\main\AndroidManifest.xml:67:9-38
	android:allowBackup
		ADDED from src\main\AndroidManifest.xml:65:9-35
	android:theme
		ADDED from src\main\AndroidManifest.xml:71:9-40
receiver#com.oliver.bathurst.individualproject.DeviceAdmin
ADDED from src\main\AndroidManifest.xml:73:9-85:20
	android:permission
		ADDED from src\main\AndroidManifest.xml:75:13-70
	android:name
		ADDED from src\main\AndroidManifest.xml:74:13-40
meta-data#android.app.device_admin
ADDED from src\main\AndroidManifest.xml:76:13-78:56
	android:resource
		ADDED from src\main\AndroidManifest.xml:78:17-53
	android:name
		ADDED from src\main\AndroidManifest.xml:77:17-56
intent-filter#android.app.action.ACTION_DEVICE_ADMIN_DISABLED+android.app.action.ACTION_DEVICE_ADMIN_DISABLE_REQUESTED+android.app.action.DEVICE_ADMIN_ENABLED
ADDED from src\main\AndroidManifest.xml:80:13-84:29
	android:priority
		ADDED from src\main\AndroidManifest.xml:80:28-50
action#android.app.action.DEVICE_ADMIN_ENABLED
ADDED from src\main\AndroidManifest.xml:81:17-82
	android:name
		ADDED from src\main\AndroidManifest.xml:81:25-79
action#android.app.action.ACTION_DEVICE_ADMIN_DISABLE_REQUESTED
ADDED from src\main\AndroidManifest.xml:82:17-99
	android:name
		ADDED from src\main\AndroidManifest.xml:82:25-96
action#android.app.action.ACTION_DEVICE_ADMIN_DISABLED
ADDED from src\main\AndroidManifest.xml:83:17-90
	android:name
		ADDED from src\main\AndroidManifest.xml:83:25-87
receiver#com.oliver.bathurst.individualproject.SMSReceiver
ADDED from src\main\AndroidManifest.xml:86:9-94:20
	android:enabled
		ADDED from src\main\AndroidManifest.xml:88:13-35
	android:exported
		ADDED from src\main\AndroidManifest.xml:89:13-36
	android:permission
		ADDED from src\main\AndroidManifest.xml:90:13-66
	android:name
		ADDED from src\main\AndroidManifest.xml:87:13-40
intent-filter#android.provider.Telephony.SMS_RECEIVED
ADDED from src\main\AndroidManifest.xml:91:13-93:29
	android:priority
		ADDED from src\main\AndroidManifest.xml:91:28-50
action#android.provider.Telephony.SMS_RECEIVED
ADDED from src\main\AndroidManifest.xml:92:17-82
	android:name
		ADDED from src\main\AndroidManifest.xml:92:25-79
receiver#com.oliver.bathurst.individualproject.BatteryReceiver
ADDED from src\main\AndroidManifest.xml:95:9-106:20
	android:enabled
		ADDED from src\main\AndroidManifest.xml:97:13-35
	android:exported
		ADDED from src\main\AndroidManifest.xml:98:13-36
	android:name
		ADDED from src\main\AndroidManifest.xml:96:13-44
intent-filter#android.intent.action.ACTION_POWER_CONNECTED+android.intent.action.ACTION_POWER_DISCONNECTED+android.intent.action.BATTERY_CHANGED+android.intent.action.BATTERY_LOW+android.intent.action.BATTERY_OKAY
ADDED from src\main\AndroidManifest.xml:99:13-105:29
	android:priority
		ADDED from src\main\AndroidManifest.xml:99:28-50
action#android.intent.action.BATTERY_CHANGED
ADDED from src\main\AndroidManifest.xml:100:17-80
	android:name
		ADDED from src\main\AndroidManifest.xml:100:25-77
action#android.intent.action.BATTERY_LOW
ADDED from src\main\AndroidManifest.xml:101:17-76
	android:name
		ADDED from src\main\AndroidManifest.xml:101:25-73
action#android.intent.action.BATTERY_OKAY
ADDED from src\main\AndroidManifest.xml:102:17-77
	android:name
		ADDED from src\main\AndroidManifest.xml:102:25-74
action#android.intent.action.ACTION_POWER_CONNECTED
ADDED from src\main\AndroidManifest.xml:103:17-87
	android:name
		ADDED from src\main\AndroidManifest.xml:103:25-84
action#android.intent.action.ACTION_POWER_DISCONNECTED
ADDED from src\main\AndroidManifest.xml:104:17-90
	android:name
		ADDED from src\main\AndroidManifest.xml:104:25-87
receiver#com.oliver.bathurst.individualproject.SimStateChangedReceiver
ADDED from src\main\AndroidManifest.xml:107:9-114:20
	android:enabled
		ADDED from src\main\AndroidManifest.xml:109:13-35
	android:exported
		ADDED from src\main\AndroidManifest.xml:110:13-36
	android:name
		ADDED from src\main\AndroidManifest.xml:108:13-52
intent-filter#android.intent.action.SIM_STATE_CHANGED
ADDED from src\main\AndroidManifest.xml:111:13-113:29
	android:priority
		ADDED from src\main\AndroidManifest.xml:111:28-50
action#android.intent.action.SIM_STATE_CHANGED
ADDED from src\main\AndroidManifest.xml:112:17-82
	android:name
		ADDED from src\main\AndroidManifest.xml:112:25-79
receiver#com.oliver.bathurst.individualproject.BeaconActivity$mReceiver
ADDED from src\main\AndroidManifest.xml:115:9-117:38
	android:enabled
		ADDED from src\main\AndroidManifest.xml:117:13-35
	android:name
		ADDED from src\main\AndroidManifest.xml:116:13-53
receiver#com.google.android.gms.gcm.GcmReceiver
ADDED from src\main\AndroidManifest.xml:120:9-129:20
	android:exported
		ADDED from src\main\AndroidManifest.xml:122:13-36
	android:permission
		ADDED from src\main\AndroidManifest.xml:123:13-73
	android:name
		ADDED from src\main\AndroidManifest.xml:121:13-66
intent-filter#com.google.android.c2dm.intent.RECEIVE+com.oliver.bathurst.individualproject
ADDED from src\main\AndroidManifest.xml:124:13-128:29
action#com.google.android.c2dm.intent.RECEIVE
ADDED from src\main\AndroidManifest.xml:125:17-81
	android:name
		ADDED from src\main\AndroidManifest.xml:125:25-78
category#com.oliver.bathurst.individualproject
ADDED from src\main\AndroidManifest.xml:127:17-82
	android:name
		ADDED from src\main\AndroidManifest.xml:127:27-79
service#com.oliver.bathurst.individualproject.ReceiverService
ADDED from src\main\AndroidManifest.xml:131:9-138:19
	android:exported
		ADDED from src\main\AndroidManifest.xml:133:13-36
	tools:ignore
		ADDED from src\main\AndroidManifest.xml:134:13-43
	android:name
		ADDED from src\main\AndroidManifest.xml:132:13-44
intent-filter#com.google.android.c2dm.intent.RECEIVE
ADDED from src\main\AndroidManifest.xml:135:13-137:29
service#com.oliver.bathurst.individualproject.RegistrationIntentService
ADDED from src\main\AndroidManifest.xml:139:9-145:19
	android:exported
		ADDED from src\main\AndroidManifest.xml:141:13-37
	android:name
		ADDED from src\main\AndroidManifest.xml:140:13-54
intent-filter#com.google.android.gms.iid.InstanceID
ADDED from src\main\AndroidManifest.xml:142:13-144:29
action#com.google.android.gms.iid.InstanceID
ADDED from src\main\AndroidManifest.xml:143:17-80
	android:name
		ADDED from src\main\AndroidManifest.xml:143:25-77
meta-data#com.google.android.gms.version
ADDED from src\main\AndroidManifest.xml:147:9-149:69
MERGED from [com.google.android.gms:play-services-basement:11.6.0] AndroidManifest.xml:20:9-121
MERGED from [com.google.android.gms:play-services-basement:11.6.0] AndroidManifest.xml:20:9-121
	android:value
		ADDED from src\main\AndroidManifest.xml:149:13-66
	android:name
		ADDED from src\main\AndroidManifest.xml:148:13-58
activity#com.oliver.bathurst.individualproject.Login
ADDED from src\main\AndroidManifest.xml:151:9-161:20
	android:screenOrientation
		ADDED from src\main\AndroidManifest.xml:154:13-49
	android:label
		ADDED from src\main\AndroidManifest.xml:153:13-45
	android:theme
		ADDED from src\main\AndroidManifest.xml:155:13-69
	android:name
		ADDED from src\main\AndroidManifest.xml:152:13-34
intent-filter#android.intent.action.MAIN+android.intent.category.LAUNCHER
ADDED from src\main\AndroidManifest.xml:156:13-160:29
action#android.intent.action.MAIN
ADDED from src\main\AndroidManifest.xml:157:17-69
	android:name
		ADDED from src\main\AndroidManifest.xml:157:25-66
category#android.intent.category.LAUNCHER
ADDED from src\main\AndroidManifest.xml:159:17-77
	android:name
		ADDED from src\main\AndroidManifest.xml:159:27-74
service#com.oliver.bathurst.individualproject.LocationService
ADDED from src\main\AndroidManifest.xml:164:9-168:46
	android:enabled
		ADDED from src\main\AndroidManifest.xml:166:13-35
	android:exported
		ADDED from src\main\AndroidManifest.xml:167:13-36
	tools:ignore
		ADDED from src\main\AndroidManifest.xml:168:13-43
	android:name
		ADDED from src\main\AndroidManifest.xml:165:13-44
meta-data#com.google.android.maps.v2.API_KEY
ADDED from src\main\AndroidManifest.xml:170:9-172:71
	android:value
		ADDED from src\main\AndroidManifest.xml:172:13-68
	android:name
		ADDED from src\main\AndroidManifest.xml:171:13-62
activity#com.oliver.bathurst.individualproject.MainActivity
ADDED from src\main\AndroidManifest.xml:174:9-178:72
	android:screenOrientation
		ADDED from src\main\AndroidManifest.xml:177:13-49
	android:label
		ADDED from src\main\AndroidManifest.xml:176:13-45
	android:theme
		ADDED from src\main\AndroidManifest.xml:178:13-69
	android:name
		ADDED from src\main\AndroidManifest.xml:175:13-41
activity#com.oliver.bathurst.individualproject.GeoFencing
ADDED from src\main\AndroidManifest.xml:179:9-48
	android:name
		ADDED from src\main\AndroidManifest.xml:179:19-45
activity#com.oliver.bathurst.individualproject.TxtToSpeech
ADDED from src\main\AndroidManifest.xml:180:9-182:64
	android:theme
		ADDED from src\main\AndroidManifest.xml:182:13-61
	android:name
		ADDED from src\main\AndroidManifest.xml:181:13-40
service#com.oliver.bathurst.individualproject.GeoFenceService
ADDED from src\main\AndroidManifest.xml:184:9-188:46
	android:enabled
		ADDED from src\main\AndroidManifest.xml:186:13-35
	android:exported
		ADDED from src\main\AndroidManifest.xml:187:13-36
	tools:ignore
		ADDED from src\main\AndroidManifest.xml:188:13-43
	android:name
		ADDED from src\main\AndroidManifest.xml:185:13-44
service#com.oliver.bathurst.individualproject.TokenRefreshListener
ADDED from src\main\AndroidManifest.xml:189:9-57
	android:name
		ADDED from src\main\AndroidManifest.xml:189:18-54
activity#com.oliver.bathurst.individualproject.BeaconActivity
ADDED from src\main\AndroidManifest.xml:191:9-194:59
	android:label
		ADDED from src\main\AndroidManifest.xml:193:13-58
	android:theme
		ADDED from src\main\AndroidManifest.xml:194:13-56
	android:name
		ADDED from src\main\AndroidManifest.xml:192:13-43
activity#com.oliver.bathurst.individualproject.Reorder
ADDED from src\main\AndroidManifest.xml:195:9-198:59
	android:label
		ADDED from src\main\AndroidManifest.xml:197:13-59
	android:theme
		ADDED from src\main\AndroidManifest.xml:198:13-56
	android:name
		ADDED from src\main\AndroidManifest.xml:196:13-36
activity#com.oliver.bathurst.individualproject.BeaconConfig
ADDED from src\main\AndroidManifest.xml:199:9-201:83
	android:theme
		ADDED from src\main\AndroidManifest.xml:201:13-80
	android:name
		ADDED from src\main\AndroidManifest.xml:200:13-41
activity#com.oliver.bathurst.individualproject.SignUpActivity
ADDED from src\main\AndroidManifest.xml:202:9-204:62
	android:label
		ADDED from src\main\AndroidManifest.xml:204:13-59
	android:name